<?xml version="1.0" encoding="UTF-8"?>
<!-- Generated by org.testng.reporters.JUnitReportReporter -->
<testsuite hostname="RKK" failures="0" tests="3" name="com.nopCommerceTestClasses.IndexPageTest" time="132.417" errors="0" timestamp="2023-01-28T10:58:55 IST" skipped="0">
  <testcase classname="com.nopCommerceTestClasses.IndexPageTest" name="verifyIndexPageLogo" time="11.798"/>
  <system-out/>
  <testcase classname="com.nopCommerceTestClasses.IndexPageTest" name="verifyIndexPageTitle" time="15.747"/>
  <system-out/>
  <testcase classname="com.nopCommerceTestClasses.IndexPageTest" name="verifyFollowLinksClickable" time="104.872"/>
  <system-out/>
</testsuite> <!-- com.nopCommerceTestClasses.IndexPageTest -->
